2021-02-25 14:22:47,435 - basicLogger - INFO - Periodic processing has started
2021-02-25 14:22:52,427 - basicLogger - INFO - Periodic processing has started
2021-02-25 14:56:35,864 - basicLogger - INFO - Periodic processing has started
2021-02-25 14:56:40,865 - basicLogger - INFO - Periodic processing has started
2021-03-04 12:35:17,834 - basicLogger - INFO - Periodic processing has started
2021-03-04 12:35:22,841 - basicLogger - INFO - Periodic processing has started
2021-03-04 12:35:27,836 - basicLogger - INFO - Periodic processing has started
2021-03-04 14:18:33,987 - basicLogger - INFO - Periodic processing has started
2021-03-04 14:18:38,987 - basicLogger - INFO - Periodic processing has started
2021-03-04 16:16:23,281 - basicLogger - INFO - Periodic processing has started
2021-03-04 16:16:28,282 - basicLogger - INFO - Periodic processing has started
2021-03-04 16:16:33,282 - basicLogger - INFO - Periodic processing has started
2021-03-04 16:16:38,282 - basicLogger - INFO - Periodic processing has started
2021-03-04 16:16:43,281 - basicLogger - INFO - Periodic processing has started
2021-03-04 16:16:48,282 - basicLogger - INFO - Periodic processing has started
2021-03-04 16:18:47,274 - basicLogger - INFO - Periodic processing has started
2021-03-04 16:18:52,274 - basicLogger - INFO - Periodic processing has started
2021-03-04 16:18:57,275 - basicLogger - INFO - Periodic processing has started
2021-03-04 16:40:24,658 - basicLogger - INFO - Periodic processing has started
2021-03-04 16:40:28,756 - basicLogger - ERROR - Bad Request I think
2021-03-04 16:40:28,757 - basicLogger - INFO - Periodic Processing has ended
2021-03-04 16:40:29,645 - basicLogger - INFO - Periodic processing has started
2021-03-04 16:40:33,687 - basicLogger - ERROR - Bad Request I think
2021-03-04 16:40:33,688 - basicLogger - INFO - Periodic Processing has ended
2021-03-04 16:40:34,657 - basicLogger - INFO - Periodic processing has started
2021-03-04 16:40:38,702 - basicLogger - ERROR - Bad Request I think
2021-03-04 16:40:38,704 - basicLogger - INFO - Periodic Processing has ended
2021-03-04 16:40:39,647 - basicLogger - INFO - Periodic processing has started
2021-03-04 16:42:10,866 - basicLogger - INFO - Periodic processing has started
2021-03-04 16:44:45,932 - basicLogger - INFO - Periodic processing has started
2021-03-04 16:44:50,224 - basicLogger - ERROR - Bad Request I think
2021-03-04 16:44:50,226 - basicLogger - INFO - Periodic Processing has ended
2021-03-04 16:44:50,931 - basicLogger - INFO - Periodic processing has started
2021-03-04 16:44:54,968 - basicLogger - ERROR - Bad Request I think
2021-03-04 16:44:54,970 - basicLogger - INFO - Periodic Processing has ended
2021-03-04 16:44:55,931 - basicLogger - INFO - Periodic processing has started
2021-03-04 16:44:59,969 - basicLogger - ERROR - Bad Request I think
2021-03-04 16:44:59,972 - basicLogger - INFO - Periodic Processing has ended
2021-03-04 16:45:00,964 - basicLogger - INFO - Periodic processing has started
2021-03-04 16:45:05,043 - basicLogger - ERROR - Bad Request I think
2021-03-04 16:45:05,048 - basicLogger - INFO - Periodic Processing has ended
2021-03-04 16:45:06,056 - basicLogger - INFO - Periodic processing has started
2021-03-04 16:45:10,142 - basicLogger - ERROR - Bad Request I think
2021-03-04 16:45:10,144 - basicLogger - INFO - Periodic Processing has ended
2021-03-04 16:45:10,938 - basicLogger - INFO - Periodic processing has started
2021-03-04 16:45:15,000 - basicLogger - ERROR - Bad Request I think
2021-03-04 16:45:15,002 - basicLogger - INFO - Periodic Processing has ended
2021-03-04 16:45:15,945 - basicLogger - INFO - Periodic processing has started
2021-03-04 16:45:20,641 - basicLogger - ERROR - Bad Request I think
2021-03-04 16:45:20,643 - basicLogger - INFO - Periodic Processing has ended
2021-03-04 16:45:21,009 - basicLogger - INFO - Periodic processing has started
2021-03-04 16:45:25,393 - basicLogger - ERROR - Bad Request I think
2021-03-04 16:45:25,396 - basicLogger - INFO - Periodic Processing has ended
2021-03-04 16:45:25,932 - basicLogger - INFO - Periodic processing has started
2021-03-04 16:45:30,360 - basicLogger - ERROR - Bad Request I think
2021-03-04 16:45:30,362 - basicLogger - INFO - Periodic Processing has ended
2021-03-04 16:45:30,931 - basicLogger - INFO - Periodic processing has started
2021-03-04 16:45:35,399 - basicLogger - ERROR - Bad Request I think
2021-03-04 16:45:35,402 - basicLogger - INFO - Periodic Processing has ended
2021-03-04 16:45:35,953 - basicLogger - INFO - Periodic processing has started
2021-03-04 16:45:39,992 - basicLogger - ERROR - Bad Request I think
2021-03-04 16:45:39,994 - basicLogger - INFO - Periodic Processing has ended
2021-03-04 16:45:40,930 - basicLogger - INFO - Periodic processing has started
2021-03-04 16:45:44,982 - basicLogger - ERROR - Bad Request I think
2021-03-04 16:45:44,984 - basicLogger - INFO - Periodic Processing has ended
2021-03-04 16:45:45,931 - basicLogger - INFO - Periodic processing has started
2021-03-04 16:45:49,983 - basicLogger - ERROR - Bad Request I think
2021-03-04 16:45:49,985 - basicLogger - INFO - Periodic Processing has ended
2021-03-04 16:45:50,938 - basicLogger - INFO - Periodic processing has started
2021-03-04 16:45:55,058 - basicLogger - ERROR - Bad Request I think
2021-03-04 16:45:55,059 - basicLogger - INFO - Periodic Processing has ended
2021-03-04 16:45:55,933 - basicLogger - INFO - Periodic processing has started
2021-03-04 16:45:59,988 - basicLogger - ERROR - Bad Request I think
2021-03-04 16:45:59,990 - basicLogger - INFO - Periodic Processing has ended
2021-03-04 16:46:00,930 - basicLogger - INFO - Periodic processing has started
2021-03-04 16:46:04,976 - basicLogger - ERROR - Bad Request I think
2021-03-04 16:46:04,978 - basicLogger - INFO - Periodic Processing has ended
2021-03-04 16:46:05,930 - basicLogger - INFO - Periodic processing has started
2021-03-04 16:46:09,971 - basicLogger - ERROR - Bad Request I think
2021-03-04 16:46:09,973 - basicLogger - INFO - Periodic Processing has ended
2021-03-04 16:46:10,938 - basicLogger - INFO - Periodic processing has started
2021-03-04 16:46:15,000 - basicLogger - ERROR - Bad Request I think
2021-03-04 16:46:15,003 - basicLogger - INFO - Periodic Processing has ended
2021-03-04 16:46:15,937 - basicLogger - INFO - Periodic processing has started
2021-03-04 16:46:19,991 - basicLogger - ERROR - Bad Request I think
2021-03-04 16:46:19,993 - basicLogger - INFO - Periodic Processing has ended
2021-03-04 16:46:20,938 - basicLogger - INFO - Periodic processing has started
2021-03-04 16:46:24,989 - basicLogger - ERROR - Bad Request I think
2021-03-04 16:46:24,991 - basicLogger - INFO - Periodic Processing has ended
2021-03-04 16:46:25,937 - basicLogger - INFO - Periodic processing has started
2021-03-04 16:46:30,618 - basicLogger - ERROR - Bad Request I think
2021-03-04 16:46:30,620 - basicLogger - INFO - Periodic Processing has ended
2021-03-04 16:46:30,930 - basicLogger - INFO - Periodic processing has started
2021-03-04 16:46:34,980 - basicLogger - ERROR - Bad Request I think
2021-03-04 16:46:34,982 - basicLogger - INFO - Periodic Processing has ended
2021-03-04 16:46:35,930 - basicLogger - INFO - Periodic processing has started
2021-03-04 16:46:39,995 - basicLogger - ERROR - Bad Request I think
2021-03-04 16:46:39,996 - basicLogger - INFO - Periodic Processing has ended
2021-03-04 16:46:40,930 - basicLogger - INFO - Periodic processing has started
2021-03-04 16:46:44,970 - basicLogger - ERROR - Bad Request I think
2021-03-04 16:46:44,972 - basicLogger - INFO - Periodic Processing has ended
2021-03-04 16:46:45,931 - basicLogger - INFO - Periodic processing has started
2021-03-04 16:46:49,979 - basicLogger - ERROR - Bad Request I think
2021-03-04 16:46:49,981 - basicLogger - INFO - Periodic Processing has ended
2021-03-04 16:46:50,930 - basicLogger - INFO - Periodic processing has started
2021-03-04 16:46:54,974 - basicLogger - ERROR - Bad Request I think
2021-03-04 16:46:54,976 - basicLogger - INFO - Periodic Processing has ended
2021-03-04 16:46:55,929 - basicLogger - INFO - Periodic processing has started
2021-03-04 16:47:00,011 - basicLogger - ERROR - Bad Request I think
2021-03-04 16:47:00,013 - basicLogger - INFO - Periodic Processing has ended
2021-03-04 16:47:00,937 - basicLogger - INFO - Periodic processing has started
2021-03-04 16:47:05,057 - basicLogger - ERROR - Bad Request I think
2021-03-04 16:47:05,059 - basicLogger - INFO - Periodic Processing has ended
2021-03-04 16:47:05,931 - basicLogger - INFO - Periodic processing has started
2021-03-04 16:47:09,990 - basicLogger - ERROR - Bad Request I think
2021-03-04 16:47:09,991 - basicLogger - INFO - Periodic Processing has ended
2021-03-04 16:47:10,929 - basicLogger - INFO - Periodic processing has started
2021-03-04 16:47:14,976 - basicLogger - ERROR - Bad Request I think
2021-03-04 16:47:14,978 - basicLogger - INFO - Periodic Processing has ended
2021-03-04 16:47:15,930 - basicLogger - INFO - Periodic processing has started
2021-03-04 16:47:19,979 - basicLogger - ERROR - Bad Request I think
2021-03-04 16:47:19,981 - basicLogger - INFO - Periodic Processing has ended
2021-03-04 16:47:20,929 - basicLogger - INFO - Periodic processing has started
2021-03-04 16:47:25,017 - basicLogger - ERROR - Bad Request I think
2021-03-04 16:47:25,018 - basicLogger - INFO - Periodic Processing has ended
2021-03-04 16:47:25,942 - basicLogger - INFO - Periodic processing has started
2021-03-04 16:47:30,025 - basicLogger - ERROR - Bad Request I think
2021-03-04 16:47:30,027 - basicLogger - INFO - Periodic Processing has ended
2021-03-04 16:47:30,933 - basicLogger - INFO - Periodic processing has started
2021-03-04 16:47:34,982 - basicLogger - ERROR - Bad Request I think
2021-03-04 16:47:34,984 - basicLogger - INFO - Periodic Processing has ended
2021-03-04 16:47:35,930 - basicLogger - INFO - Periodic processing has started
2021-03-04 16:47:39,988 - basicLogger - ERROR - Bad Request I think
2021-03-04 16:47:39,990 - basicLogger - INFO - Periodic Processing has ended
2021-03-04 16:47:40,937 - basicLogger - INFO - Periodic processing has started
2021-03-04 16:47:44,986 - basicLogger - ERROR - Bad Request I think
2021-03-04 16:47:44,987 - basicLogger - INFO - Periodic Processing has ended
2021-03-04 16:47:45,935 - basicLogger - INFO - Periodic processing has started
2021-03-04 16:47:49,983 - basicLogger - ERROR - Bad Request I think
2021-03-04 16:47:49,984 - basicLogger - INFO - Periodic Processing has ended
2021-03-04 16:47:50,933 - basicLogger - INFO - Periodic processing has started
2021-03-04 16:47:54,995 - basicLogger - ERROR - Bad Request I think
2021-03-04 16:47:54,996 - basicLogger - INFO - Periodic Processing has ended
2021-03-04 16:47:55,930 - basicLogger - INFO - Periodic processing has started
2021-03-04 16:47:59,974 - basicLogger - ERROR - Bad Request I think
2021-03-04 16:47:59,976 - basicLogger - INFO - Periodic Processing has ended
2021-03-04 16:48:00,929 - basicLogger - INFO - Periodic processing has started
2021-03-04 16:48:04,990 - basicLogger - ERROR - Bad Request I think
2021-03-04 16:48:04,993 - basicLogger - INFO - Periodic Processing has ended
2021-03-04 16:48:05,930 - basicLogger - INFO - Periodic processing has started
2021-03-04 16:48:09,976 - basicLogger - ERROR - Bad Request I think
2021-03-04 16:48:09,977 - basicLogger - INFO - Periodic Processing has ended
2021-03-04 16:48:10,931 - basicLogger - INFO - Periodic processing has started
2021-03-04 16:48:14,986 - basicLogger - ERROR - Bad Request I think
2021-03-04 16:48:14,988 - basicLogger - INFO - Periodic Processing has ended
2021-03-04 16:48:15,930 - basicLogger - INFO - Periodic processing has started
2021-03-04 16:48:19,976 - basicLogger - ERROR - Bad Request I think
2021-03-04 16:48:19,977 - basicLogger - INFO - Periodic Processing has ended
2021-03-04 16:48:20,932 - basicLogger - INFO - Periodic processing has started
2021-03-04 16:48:24,984 - basicLogger - ERROR - Bad Request I think
2021-03-04 16:48:24,985 - basicLogger - INFO - Periodic Processing has ended
2021-03-04 16:48:25,941 - basicLogger - INFO - Periodic processing has started
2021-03-04 16:48:29,989 - basicLogger - ERROR - Bad Request I think
2021-03-04 16:48:29,991 - basicLogger - INFO - Periodic Processing has ended
2021-03-04 16:48:30,932 - basicLogger - INFO - Periodic processing has started
2021-03-04 16:48:34,977 - basicLogger - ERROR - Bad Request I think
2021-03-04 16:48:34,978 - basicLogger - INFO - Periodic Processing has ended
2021-03-04 16:48:35,930 - basicLogger - INFO - Periodic processing has started
2021-03-04 16:48:39,989 - basicLogger - ERROR - Bad Request I think
2021-03-04 16:48:39,992 - basicLogger - INFO - Periodic Processing has ended
2021-03-04 16:48:40,929 - basicLogger - INFO - Periodic processing has started
2021-03-04 16:54:40,085 - basicLogger - INFO - Periodic processing has started
2021-03-04 16:54:44,152 - basicLogger - ERROR - Bad Request I think
2021-03-04 16:54:44,154 - basicLogger - INFO - Periodic Processing has ended
2021-03-04 16:54:45,085 - basicLogger - INFO - Periodic processing has started
2021-03-04 16:54:49,132 - basicLogger - ERROR - Bad Request I think
2021-03-04 16:54:49,134 - basicLogger - INFO - Periodic Processing has ended
2021-03-04 16:54:50,089 - basicLogger - INFO - Periodic processing has started
2021-03-04 16:54:54,174 - basicLogger - ERROR - Bad Request I think
2021-03-04 16:54:54,176 - basicLogger - INFO - Periodic Processing has ended
2021-03-04 16:54:55,093 - basicLogger - INFO - Periodic processing has started
2021-03-04 16:54:59,145 - basicLogger - ERROR - Bad Request I think
2021-03-04 16:54:59,147 - basicLogger - INFO - Periodic Processing has ended
2021-03-04 16:55:00,088 - basicLogger - INFO - Periodic processing has started
2021-03-04 16:55:04,134 - basicLogger - ERROR - Bad Request I think
2021-03-04 16:55:04,138 - basicLogger - INFO - Periodic Processing has ended
2021-03-04 16:55:05,114 - basicLogger - INFO - Periodic processing has started
2021-03-04 16:55:09,155 - basicLogger - ERROR - Bad Request I think
2021-03-04 16:55:09,157 - basicLogger - INFO - Periodic Processing has ended
2021-03-04 16:55:10,115 - basicLogger - INFO - Periodic processing has started
2021-03-04 16:55:14,965 - basicLogger - ERROR - Bad Request I think
2021-03-04 16:55:14,969 - basicLogger - INFO - Periodic Processing has ended
2021-03-04 16:55:15,085 - basicLogger - INFO - Periodic processing has started
2021-03-04 16:55:19,169 - basicLogger - ERROR - Bad Request I think
2021-03-04 16:55:19,171 - basicLogger - INFO - Periodic Processing has ended
2021-03-04 16:55:20,085 - basicLogger - INFO - Periodic processing has started
2021-03-04 16:55:24,143 - basicLogger - ERROR - Bad Request I think
2021-03-04 16:55:24,145 - basicLogger - INFO - Periodic Processing has ended
2021-03-04 16:55:25,113 - basicLogger - INFO - Periodic processing has started
2021-03-04 16:55:29,146 - basicLogger - ERROR - Bad Request I think
2021-03-04 16:55:29,148 - basicLogger - INFO - Periodic Processing has ended
2021-03-04 16:55:30,093 - basicLogger - INFO - Periodic processing has started
2021-03-04 16:55:34,163 - basicLogger - ERROR - Bad Request I think
2021-03-04 16:55:34,165 - basicLogger - INFO - Periodic Processing has ended
2021-03-04 16:55:35,091 - basicLogger - INFO - Periodic processing has started
2021-03-04 16:55:39,142 - basicLogger - ERROR - Bad Request I think
2021-03-04 16:55:39,144 - basicLogger - INFO - Periodic Processing has ended
2021-03-04 16:55:40,084 - basicLogger - INFO - Periodic processing has started
2021-03-04 16:55:44,124 - basicLogger - ERROR - Bad Request I think
2021-03-04 16:55:44,125 - basicLogger - INFO - Periodic Processing has ended
2021-03-04 16:55:45,086 - basicLogger - INFO - Periodic processing has started
2021-03-04 16:55:49,140 - basicLogger - ERROR - Bad Request I think
2021-03-04 16:55:49,142 - basicLogger - INFO - Periodic Processing has ended
2021-03-04 16:55:50,086 - basicLogger - INFO - Periodic processing has started
2021-03-04 16:55:54,132 - basicLogger - ERROR - Bad Request I think
2021-03-04 16:55:54,136 - basicLogger - INFO - Periodic Processing has ended
2021-03-04 16:55:55,084 - basicLogger - INFO - Periodic processing has started
2021-03-04 16:56:54,637 - basicLogger - INFO - Periodic processing has started
2021-03-04 16:56:58,778 - basicLogger - ERROR - Bad Request I think
2021-03-04 16:56:58,780 - basicLogger - INFO - Periodic Processing has ended
2021-03-04 16:56:59,643 - basicLogger - INFO - Periodic processing has started
2021-03-04 16:57:03,693 - basicLogger - ERROR - Bad Request I think
2021-03-04 16:57:03,694 - basicLogger - INFO - Periodic Processing has ended
2021-03-04 16:57:04,649 - basicLogger - INFO - Periodic processing has started
2021-03-04 16:57:08,684 - basicLogger - ERROR - Bad Request I think
2021-03-04 16:57:08,685 - basicLogger - INFO - Periodic Processing has ended
2021-03-04 16:57:09,636 - basicLogger - INFO - Periodic processing has started
2021-03-04 16:57:13,683 - basicLogger - ERROR - Bad Request I think
2021-03-04 16:57:13,684 - basicLogger - INFO - Periodic Processing has ended
2021-03-04 16:57:14,637 - basicLogger - INFO - Periodic processing has started
2021-03-04 16:57:18,679 - basicLogger - ERROR - Bad Request I think
2021-03-04 16:57:18,681 - basicLogger - INFO - Periodic Processing has ended
2021-03-04 16:57:19,637 - basicLogger - INFO - Periodic processing has started
2021-03-04 16:57:23,685 - basicLogger - ERROR - Bad Request I think
2021-03-04 16:57:23,687 - basicLogger - INFO - Periodic Processing has ended
2021-03-04 16:57:24,652 - basicLogger - INFO - Periodic processing has started
2021-03-04 16:57:28,709 - basicLogger - ERROR - Bad Request I think
2021-03-04 16:57:28,711 - basicLogger - INFO - Periodic Processing has ended
2021-03-04 16:57:29,682 - basicLogger - INFO - Periodic processing has started
2021-03-04 16:57:33,783 - basicLogger - ERROR - Bad Request I think
2021-03-04 16:57:33,785 - basicLogger - INFO - Periodic Processing has ended
2021-03-04 16:57:34,634 - basicLogger - INFO - Periodic processing has started
2021-03-04 16:57:38,857 - basicLogger - ERROR - Bad Request I think
2021-03-04 16:57:38,859 - basicLogger - INFO - Periodic Processing has ended
2021-03-04 16:57:39,637 - basicLogger - INFO - Periodic processing has started
2021-03-04 16:57:43,687 - basicLogger - ERROR - Bad Request I think
2021-03-04 16:57:43,689 - basicLogger - INFO - Periodic Processing has ended
2021-03-04 16:57:44,638 - basicLogger - INFO - Periodic processing has started
2021-03-04 16:57:48,674 - basicLogger - ERROR - Bad Request I think
2021-03-04 16:57:48,675 - basicLogger - INFO - Periodic Processing has ended
2021-03-04 16:57:49,636 - basicLogger - INFO - Periodic processing has started
2021-03-04 16:57:53,685 - basicLogger - ERROR - Bad Request I think
2021-03-04 16:57:53,687 - basicLogger - INFO - Periodic Processing has ended
2021-03-04 16:57:54,642 - basicLogger - INFO - Periodic processing has started
2021-03-04 16:57:58,676 - basicLogger - ERROR - Bad Request I think
2021-03-04 16:57:58,678 - basicLogger - INFO - Periodic Processing has ended
2021-03-04 16:57:59,634 - basicLogger - INFO - Periodic processing has started
2021-03-04 16:58:03,682 - basicLogger - ERROR - Bad Request I think
2021-03-04 16:58:03,684 - basicLogger - INFO - Periodic Processing has ended
2021-03-04 16:58:04,632 - basicLogger - INFO - Periodic processing has started
2021-03-04 16:58:08,687 - basicLogger - ERROR - Bad Request I think
2021-03-04 16:58:08,689 - basicLogger - INFO - Periodic Processing has ended
2021-03-04 16:58:09,633 - basicLogger - INFO - Periodic processing has started
2021-03-04 16:58:13,924 - basicLogger - ERROR - Bad Request I think
2021-03-04 16:58:13,926 - basicLogger - INFO - Periodic Processing has ended
2021-03-04 16:58:14,637 - basicLogger - INFO - Periodic processing has started
2021-03-04 16:58:18,998 - basicLogger - ERROR - Bad Request I think
2021-03-04 16:58:19,002 - basicLogger - INFO - Periodic Processing has ended
2021-03-04 16:58:19,642 - basicLogger - INFO - Periodic processing has started
2021-03-04 16:58:23,686 - basicLogger - ERROR - Bad Request I think
2021-03-04 16:58:23,688 - basicLogger - INFO - Periodic Processing has ended
2021-03-04 16:58:24,632 - basicLogger - INFO - Periodic processing has started
2021-03-04 16:58:28,696 - basicLogger - ERROR - Bad Request I think
2021-03-04 16:58:28,698 - basicLogger - INFO - Periodic Processing has ended
2021-03-04 16:58:29,648 - basicLogger - INFO - Periodic processing has started
2021-03-04 16:58:34,459 - basicLogger - ERROR - Bad Request I think
2021-03-04 16:58:34,460 - basicLogger - INFO - Periodic Processing has ended
2021-03-04 16:58:34,689 - basicLogger - INFO - Periodic processing has started
2021-03-04 16:58:39,420 - basicLogger - ERROR - Bad Request I think
2021-03-04 16:58:39,422 - basicLogger - INFO - Periodic Processing has ended
2021-03-04 16:58:39,634 - basicLogger - INFO - Periodic processing has started
2021-03-04 16:58:44,115 - basicLogger - ERROR - Bad Request I think
2021-03-04 16:58:44,117 - basicLogger - INFO - Periodic Processing has ended
2021-03-04 16:58:44,633 - basicLogger - INFO - Periodic processing has started
2021-03-04 16:58:48,681 - basicLogger - ERROR - Bad Request I think
2021-03-04 16:58:48,683 - basicLogger - INFO - Periodic Processing has ended
2021-03-04 16:58:49,638 - basicLogger - INFO - Periodic processing has started
2021-03-04 16:58:53,703 - basicLogger - ERROR - Bad Request I think
2021-03-04 16:58:53,706 - basicLogger - INFO - Periodic Processing has ended
2021-03-04 16:58:54,637 - basicLogger - INFO - Periodic processing has started
2021-03-04 16:58:58,684 - basicLogger - ERROR - Bad Request I think
2021-03-04 16:58:58,687 - basicLogger - INFO - Periodic Processing has ended
2021-03-04 16:58:59,636 - basicLogger - INFO - Periodic processing has started
2021-03-04 16:59:03,738 - basicLogger - ERROR - Bad Request I think
2021-03-04 16:59:03,740 - basicLogger - INFO - Periodic Processing has ended
2021-03-04 16:59:04,636 - basicLogger - INFO - Periodic processing has started
2021-03-04 16:59:08,696 - basicLogger - ERROR - Bad Request I think
2021-03-04 16:59:08,700 - basicLogger - INFO - Periodic Processing has ended
2021-03-04 16:59:09,663 - basicLogger - INFO - Periodic processing has started
2021-03-04 16:59:13,984 - basicLogger - ERROR - Bad Request I think
2021-03-04 16:59:13,985 - basicLogger - INFO - Periodic Processing has ended
2021-03-04 16:59:14,634 - basicLogger - INFO - Periodic processing has started
2021-03-04 16:59:18,732 - basicLogger - ERROR - Bad Request I think
2021-03-04 16:59:18,734 - basicLogger - INFO - Periodic Processing has ended
2021-03-04 16:59:19,633 - basicLogger - INFO - Periodic processing has started
2021-03-04 16:59:23,685 - basicLogger - ERROR - Bad Request I think
2021-03-04 16:59:23,687 - basicLogger - INFO - Periodic Processing has ended
2021-03-04 16:59:24,646 - basicLogger - INFO - Periodic processing has started
2021-03-04 16:59:28,685 - basicLogger - ERROR - Bad Request I think
2021-03-04 16:59:28,686 - basicLogger - INFO - Periodic Processing has ended
2021-03-04 16:59:29,646 - basicLogger - INFO - Periodic processing has started
2021-03-04 16:59:33,689 - basicLogger - ERROR - Bad Request I think
2021-03-04 16:59:33,690 - basicLogger - INFO - Periodic Processing has ended
2021-03-04 16:59:34,648 - basicLogger - INFO - Periodic processing has started
2021-03-04 16:59:38,683 - basicLogger - ERROR - Bad Request I think
2021-03-04 16:59:38,684 - basicLogger - INFO - Periodic Processing has ended
2021-03-04 16:59:39,633 - basicLogger - INFO - Periodic processing has started
2021-03-04 16:59:43,676 - basicLogger - ERROR - Bad Request I think
2021-03-04 16:59:43,678 - basicLogger - INFO - Periodic Processing has ended
2021-03-04 16:59:44,633 - basicLogger - INFO - Periodic processing has started
2021-03-04 16:59:48,724 - basicLogger - ERROR - Bad Request I think
2021-03-04 16:59:48,725 - basicLogger - INFO - Periodic Processing has ended
2021-03-04 16:59:49,643 - basicLogger - INFO - Periodic processing has started
2021-03-04 16:59:53,695 - basicLogger - ERROR - Bad Request I think
2021-03-04 16:59:53,697 - basicLogger - INFO - Periodic Processing has ended
2021-03-04 16:59:54,645 - basicLogger - INFO - Periodic processing has started
2021-03-04 16:59:58,695 - basicLogger - ERROR - Bad Request I think
2021-03-04 16:59:58,696 - basicLogger - INFO - Periodic Processing has ended
2021-03-04 16:59:59,637 - basicLogger - INFO - Periodic processing has started
2021-03-04 17:00:03,709 - basicLogger - ERROR - Bad Request I think
2021-03-04 17:00:03,711 - basicLogger - INFO - Periodic Processing has ended
2021-03-04 17:00:04,635 - basicLogger - INFO - Periodic processing has started
2021-03-04 17:00:08,766 - basicLogger - ERROR - Bad Request I think
2021-03-04 17:00:08,770 - basicLogger - INFO - Periodic Processing has ended
2021-03-04 17:00:09,639 - basicLogger - INFO - Periodic processing has started
2021-03-04 17:00:13,818 - basicLogger - ERROR - Bad Request I think
2021-03-04 17:00:13,820 - basicLogger - INFO - Periodic Processing has ended
2021-03-04 17:00:14,643 - basicLogger - INFO - Periodic processing has started
2021-03-04 17:00:18,690 - basicLogger - ERROR - Bad Request I think
2021-03-04 17:00:18,692 - basicLogger - INFO - Periodic Processing has ended
2021-03-04 17:00:19,636 - basicLogger - INFO - Periodic processing has started
2021-03-04 17:00:23,805 - basicLogger - ERROR - Bad Request I think
2021-03-04 17:00:23,808 - basicLogger - INFO - Periodic Processing has ended
2021-03-04 17:00:24,638 - basicLogger - INFO - Periodic processing has started
2021-03-04 17:00:29,635 - basicLogger - INFO - Periodic processing has started
2021-03-04 17:00:36,058 - basicLogger - ERROR - Bad Request I think
2021-03-04 17:00:36,060 - basicLogger - INFO - Periodic Processing has ended
2021-03-04 17:00:39,638 - basicLogger - INFO - Periodic processing has started
2021-03-04 17:00:43,711 - basicLogger - ERROR - Bad Request I think
2021-03-04 17:00:43,714 - basicLogger - INFO - Periodic Processing has ended
2021-03-04 17:00:44,636 - basicLogger - INFO - Periodic processing has started
2021-03-04 17:00:48,677 - basicLogger - ERROR - Bad Request I think
2021-03-04 17:00:48,679 - basicLogger - INFO - Periodic Processing has ended
2021-03-04 17:00:49,635 - basicLogger - INFO - Periodic processing has started
2021-03-04 17:00:53,687 - basicLogger - ERROR - Bad Request I think
2021-03-04 17:00:53,690 - basicLogger - INFO - Periodic Processing has ended
2021-03-04 17:00:54,632 - basicLogger - INFO - Periodic processing has started
2021-03-04 17:00:58,689 - basicLogger - ERROR - Bad Request I think
2021-03-04 17:00:58,691 - basicLogger - INFO - Periodic Processing has ended
2021-03-04 17:00:59,633 - basicLogger - INFO - Periodic processing has started
2021-03-04 17:01:03,681 - basicLogger - ERROR - Bad Request I think
2021-03-04 17:01:03,683 - basicLogger - INFO - Periodic Processing has ended
2021-03-04 17:01:04,633 - basicLogger - INFO - Periodic processing has started
2021-03-04 17:01:08,709 - basicLogger - ERROR - Bad Request I think
2021-03-04 17:01:08,711 - basicLogger - INFO - Periodic Processing has ended
2021-03-04 17:01:09,663 - basicLogger - INFO - Periodic processing has started
2021-03-04 17:01:13,710 - basicLogger - ERROR - Bad Request I think
2021-03-04 17:01:13,712 - basicLogger - INFO - Periodic Processing has ended
2021-03-04 17:01:14,633 - basicLogger - INFO - Periodic processing has started
2021-03-04 17:01:18,685 - basicLogger - ERROR - Bad Request I think
2021-03-04 17:01:18,687 - basicLogger - INFO - Periodic Processing has ended
2021-03-04 17:01:19,640 - basicLogger - INFO - Periodic processing has started
2021-03-04 17:01:23,735 - basicLogger - ERROR - Bad Request I think
2021-03-04 17:01:23,738 - basicLogger - INFO - Periodic Processing has ended
2021-03-04 17:01:24,637 - basicLogger - INFO - Periodic processing has started
2021-03-04 17:01:28,698 - basicLogger - ERROR - Bad Request I think
2021-03-04 17:01:28,700 - basicLogger - INFO - Periodic Processing has ended
2021-03-04 17:01:29,633 - basicLogger - INFO - Periodic processing has started
2021-03-04 17:01:33,703 - basicLogger - ERROR - Bad Request I think
2021-03-04 17:01:33,705 - basicLogger - INFO - Periodic Processing has ended
2021-03-04 17:01:34,654 - basicLogger - INFO - Periodic processing has started
2021-03-04 17:01:38,724 - basicLogger - ERROR - Bad Request I think
2021-03-04 17:01:38,725 - basicLogger - INFO - Periodic Processing has ended
2021-03-04 17:01:39,647 - basicLogger - INFO - Periodic processing has started
2021-03-04 17:01:43,698 - basicLogger - ERROR - Bad Request I think
2021-03-04 17:01:43,700 - basicLogger - INFO - Periodic Processing has ended
2021-03-04 17:01:44,653 - basicLogger - INFO - Periodic processing has started
2021-03-04 17:01:48,799 - basicLogger - ERROR - Bad Request I think
2021-03-04 17:01:48,804 - basicLogger - INFO - Periodic Processing has ended
2021-03-04 17:01:49,633 - basicLogger - INFO - Periodic processing has started
2021-03-04 17:01:53,682 - basicLogger - ERROR - Bad Request I think
2021-03-04 17:01:53,684 - basicLogger - INFO - Periodic Processing has ended
2021-03-04 17:01:54,637 - basicLogger - INFO - Periodic processing has started
2021-03-04 17:01:58,683 - basicLogger - ERROR - Bad Request I think
2021-03-04 17:01:58,685 - basicLogger - INFO - Periodic Processing has ended
2021-03-04 17:01:59,636 - basicLogger - INFO - Periodic processing has started
2021-03-04 17:02:03,692 - basicLogger - ERROR - Bad Request I think
2021-03-04 17:02:03,693 - basicLogger - INFO - Periodic Processing has ended
2021-03-04 17:02:04,636 - basicLogger - INFO - Periodic processing has started
2021-03-04 17:02:08,693 - basicLogger - ERROR - Bad Request I think
2021-03-04 17:02:08,695 - basicLogger - INFO - Periodic Processing has ended
2021-03-04 17:02:09,638 - basicLogger - INFO - Periodic processing has started
2021-03-04 17:02:13,703 - basicLogger - ERROR - Bad Request I think
2021-03-04 17:02:13,705 - basicLogger - INFO - Periodic Processing has ended
2021-03-04 17:02:14,636 - basicLogger - INFO - Periodic processing has started
2021-03-04 17:02:18,820 - basicLogger - ERROR - Bad Request I think
2021-03-04 17:02:18,822 - basicLogger - INFO - Periodic Processing has ended
2021-03-04 17:02:19,637 - basicLogger - INFO - Periodic processing has started
2021-03-04 17:02:23,788 - basicLogger - ERROR - Bad Request I think
2021-03-04 17:02:23,790 - basicLogger - INFO - Periodic Processing has ended
2021-03-04 17:02:24,681 - basicLogger - INFO - Periodic processing has started
2021-03-04 17:02:28,746 - basicLogger - ERROR - Bad Request I think
2021-03-04 17:02:28,747 - basicLogger - INFO - Periodic Processing has ended
2021-03-04 17:02:29,635 - basicLogger - INFO - Periodic processing has started
2021-03-04 17:02:33,684 - basicLogger - ERROR - Bad Request I think
2021-03-04 17:02:33,685 - basicLogger - INFO - Periodic Processing has ended
2021-03-04 17:02:34,633 - basicLogger - INFO - Periodic processing has started
2021-03-04 17:02:38,693 - basicLogger - ERROR - Bad Request I think
2021-03-04 17:02:38,694 - basicLogger - INFO - Periodic Processing has ended
2021-03-04 17:02:39,632 - basicLogger - INFO - Periodic processing has started
2021-03-04 17:02:43,813 - basicLogger - ERROR - Bad Request I think
2021-03-04 17:02:43,815 - basicLogger - INFO - Periodic Processing has ended
2021-03-04 17:02:44,633 - basicLogger - INFO - Periodic processing has started
2021-03-04 17:02:54,633 - basicLogger - INFO - Periodic processing has started
2021-03-04 17:02:59,049 - basicLogger - ERROR - Bad Request I think
2021-03-04 17:02:59,051 - basicLogger - INFO - Periodic Processing has ended
2021-03-04 17:02:59,632 - basicLogger - INFO - Periodic processing has started
2021-03-04 17:03:03,696 - basicLogger - ERROR - Bad Request I think
2021-03-04 17:03:03,698 - basicLogger - INFO - Periodic Processing has ended
2021-03-04 17:03:04,633 - basicLogger - INFO - Periodic processing has started
2021-03-04 17:03:08,696 - basicLogger - ERROR - Bad Request I think
2021-03-04 17:03:08,698 - basicLogger - INFO - Periodic Processing has ended
2021-03-04 17:03:09,636 - basicLogger - INFO - Periodic processing has started
2021-03-04 17:03:13,699 - basicLogger - ERROR - Bad Request I think
2021-03-04 17:03:13,700 - basicLogger - INFO - Periodic Processing has ended
2021-03-04 17:03:14,636 - basicLogger - INFO - Periodic processing has started
2021-03-04 17:03:18,689 - basicLogger - ERROR - Bad Request I think
2021-03-04 17:03:18,690 - basicLogger - INFO - Periodic Processing has ended
2021-03-04 17:03:19,635 - basicLogger - INFO - Periodic processing has started
2021-03-04 17:03:23,682 - basicLogger - ERROR - Bad Request I think
2021-03-04 17:03:23,684 - basicLogger - INFO - Periodic Processing has ended
2021-03-04 17:03:24,636 - basicLogger - INFO - Periodic processing has started
2021-03-04 17:03:28,681 - basicLogger - ERROR - Bad Request I think
2021-03-04 17:03:28,683 - basicLogger - INFO - Periodic Processing has ended
2021-03-04 17:03:29,635 - basicLogger - INFO - Periodic processing has started
2021-03-04 17:03:33,681 - basicLogger - ERROR - Bad Request I think
2021-03-04 17:03:33,683 - basicLogger - INFO - Periodic Processing has ended
2021-03-04 17:03:34,634 - basicLogger - INFO - Periodic processing has started
2021-03-04 17:03:38,691 - basicLogger - ERROR - Bad Request I think
2021-03-04 17:03:38,693 - basicLogger - INFO - Periodic Processing has ended
2021-03-04 17:03:39,633 - basicLogger - INFO - Periodic processing has started
2021-03-04 17:03:43,679 - basicLogger - ERROR - Bad Request I think
2021-03-04 17:03:43,681 - basicLogger - INFO - Periodic Processing has ended
2021-03-04 17:03:44,633 - basicLogger - INFO - Periodic processing has started
2021-03-04 17:03:48,693 - basicLogger - ERROR - Bad Request I think
2021-03-04 17:03:48,694 - basicLogger - INFO - Periodic Processing has ended
2021-03-04 17:03:49,636 - basicLogger - INFO - Periodic processing has started
2021-03-04 17:03:53,695 - basicLogger - ERROR - Bad Request I think
2021-03-04 17:03:53,697 - basicLogger - INFO - Periodic Processing has ended
2021-03-04 17:03:54,638 - basicLogger - INFO - Periodic processing has started
2021-03-04 17:03:58,692 - basicLogger - ERROR - Bad Request I think
2021-03-04 17:03:58,693 - basicLogger - INFO - Periodic Processing has ended
2021-03-04 17:03:59,651 - basicLogger - INFO - Periodic processing has started
2021-03-04 17:04:03,692 - basicLogger - ERROR - Bad Request I think
2021-03-04 17:04:03,693 - basicLogger - INFO - Periodic Processing has ended
2021-03-04 17:04:04,632 - basicLogger - INFO - Periodic processing has started
2021-03-04 17:04:08,773 - basicLogger - ERROR - Bad Request I think
2021-03-04 17:04:08,775 - basicLogger - INFO - Periodic Processing has ended
2021-03-04 17:04:09,632 - basicLogger - INFO - Periodic processing has started
2021-03-04 17:04:13,684 - basicLogger - ERROR - Bad Request I think
2021-03-04 17:04:13,685 - basicLogger - INFO - Periodic Processing has ended
2021-03-04 17:04:14,633 - basicLogger - INFO - Periodic processing has started
2021-03-04 17:04:19,637 - basicLogger - INFO - Periodic processing has started
2021-03-04 17:04:23,753 - basicLogger - INFO - Received 3 Mail ID events
2021-03-04 17:04:23,753 - basicLogger - INFO - Received 3 address events
2021-03-04 17:04:23,755 - basicLogger - INFO - Periodic Processing has ended
2021-03-04 17:04:24,637 - basicLogger - INFO - Periodic processing has started
2021-03-04 17:04:28,699 - basicLogger - INFO - Received 3 Mail ID events
2021-03-04 17:04:28,699 - basicLogger - INFO - Received 3 address events
2021-03-04 17:04:28,704 - basicLogger - INFO - Periodic Processing has ended
2021-03-04 17:04:29,636 - basicLogger - INFO - Periodic processing has started
2021-03-04 17:04:33,680 - basicLogger - INFO - Received 3 Mail ID events
2021-03-04 17:04:33,681 - basicLogger - INFO - Received 3 address events
2021-03-04 17:04:33,683 - basicLogger - INFO - Periodic Processing has ended
2021-03-04 17:04:34,638 - basicLogger - INFO - Periodic processing has started
2021-03-04 17:04:38,683 - basicLogger - INFO - Received 3 Mail ID events
2021-03-04 17:04:38,683 - basicLogger - INFO - Received 3 address events
2021-03-04 17:04:38,684 - basicLogger - INFO - Periodic Processing has ended
2021-03-04 17:04:39,641 - basicLogger - INFO - Periodic processing has started
2021-03-04 17:04:43,697 - basicLogger - INFO - Received 3 Mail ID events
2021-03-04 17:04:43,698 - basicLogger - INFO - Received 3 address events
2021-03-04 17:04:43,699 - basicLogger - INFO - Periodic Processing has ended
2021-03-04 17:04:44,640 - basicLogger - INFO - Periodic processing has started
2021-03-04 17:04:48,698 - basicLogger - INFO - Received 3 Mail ID events
2021-03-04 17:04:48,699 - basicLogger - INFO - Received 3 address events
2021-03-04 17:04:48,701 - basicLogger - INFO - Periodic Processing has ended
2021-03-04 17:04:49,635 - basicLogger - INFO - Periodic processing has started
2021-03-04 17:04:53,705 - basicLogger - INFO - Received 3 Mail ID events
2021-03-04 17:04:53,705 - basicLogger - INFO - Received 251 address events
2021-03-04 17:04:53,706 - basicLogger - INFO - Periodic Processing has ended
2021-03-04 17:04:54,633 - basicLogger - INFO - Periodic processing has started
2021-03-04 17:04:58,685 - basicLogger - INFO - Received 3 Mail ID events
2021-03-04 17:04:58,686 - basicLogger - INFO - Received 251 address events
2021-03-04 17:04:58,687 - basicLogger - INFO - Periodic Processing has ended
2021-03-04 17:04:59,633 - basicLogger - INFO - Periodic processing has started
2021-03-04 17:05:03,817 - basicLogger - INFO - Received 3 Mail ID events
2021-03-04 17:05:03,817 - basicLogger - INFO - Received 251 address events
2021-03-04 17:05:03,819 - basicLogger - INFO - Periodic Processing has ended
2021-03-04 17:05:04,633 - basicLogger - INFO - Periodic processing has started
2021-03-04 17:05:08,683 - basicLogger - INFO - Received 3 Mail ID events
2021-03-04 17:05:08,683 - basicLogger - INFO - Received 251 address events
2021-03-04 17:05:08,686 - basicLogger - INFO - Periodic Processing has ended
2021-03-04 17:05:09,632 - basicLogger - INFO - Periodic processing has started
2021-03-04 17:05:13,711 - basicLogger - INFO - Received 3 Mail ID events
2021-03-04 17:05:13,712 - basicLogger - INFO - Received 251 address events
2021-03-04 17:05:13,714 - basicLogger - INFO - Periodic Processing has ended
2021-03-04 17:05:14,633 - basicLogger - INFO - Periodic processing has started
2021-03-04 17:05:18,692 - basicLogger - INFO - Received 3 Mail ID events
2021-03-04 17:05:18,692 - basicLogger - INFO - Received 251 address events
2021-03-04 17:05:18,694 - basicLogger - INFO - Periodic Processing has ended
2021-03-04 17:05:19,634 - basicLogger - INFO - Periodic processing has started
2021-03-04 17:05:23,676 - basicLogger - INFO - Received 3 Mail ID events
2021-03-04 17:05:23,676 - basicLogger - INFO - Received 251 address events
2021-03-04 17:05:23,677 - basicLogger - INFO - Periodic Processing has ended
2021-03-04 17:05:24,634 - basicLogger - INFO - Periodic processing has started
2021-03-04 17:05:28,810 - basicLogger - INFO - Received 3 Mail ID events
2021-03-04 17:05:28,811 - basicLogger - INFO - Received 251 address events
2021-03-04 17:05:28,813 - basicLogger - INFO - Periodic Processing has ended
2021-03-04 17:05:29,652 - basicLogger - INFO - Periodic processing has started
2021-03-04 17:05:33,708 - basicLogger - INFO - Received 3 Mail ID events
2021-03-04 17:05:33,708 - basicLogger - INFO - Received 251 address events
2021-03-04 17:05:33,710 - basicLogger - INFO - Periodic Processing has ended
2021-03-04 17:05:34,635 - basicLogger - INFO - Periodic processing has started
2021-03-04 17:05:38,694 - basicLogger - INFO - Received 3 Mail ID events
2021-03-04 17:05:38,694 - basicLogger - INFO - Received 251 address events
2021-03-04 17:05:38,696 - basicLogger - INFO - Periodic Processing has ended
2021-03-04 17:05:39,636 - basicLogger - INFO - Periodic processing has started
2021-03-04 17:05:49,636 - basicLogger - INFO - Periodic processing has started
2021-03-04 17:05:53,753 - basicLogger - INFO - Received 3 Mail ID events
2021-03-04 17:05:53,754 - basicLogger - INFO - Received 152 address events
2021-03-04 17:05:53,756 - basicLogger - INFO - Periodic Processing has ended
2021-03-04 17:05:54,634 - basicLogger - INFO - Periodic processing has started
2021-03-04 17:05:58,712 - basicLogger - INFO - Received 3 Mail ID events
2021-03-04 17:05:58,713 - basicLogger - INFO - Received 152 address events
2021-03-04 17:05:58,716 - basicLogger - INFO - Periodic Processing has ended
2021-03-04 17:05:59,632 - basicLogger - INFO - Periodic processing has started
2021-03-04 17:06:03,684 - basicLogger - INFO - Received 3 Mail ID events
2021-03-04 17:06:03,685 - basicLogger - INFO - Received 152 address events
2021-03-04 17:06:03,687 - basicLogger - INFO - Periodic Processing has ended
2021-03-04 17:06:04,633 - basicLogger - INFO - Periodic processing has started
2021-03-04 17:06:08,742 - basicLogger - INFO - Received 3 Mail ID events
2021-03-04 17:06:08,743 - basicLogger - INFO - Received 152 address events
2021-03-04 17:06:08,745 - basicLogger - INFO - Periodic Processing has ended
2021-03-04 17:06:09,633 - basicLogger - INFO - Periodic processing has started
2021-03-04 17:06:13,683 - basicLogger - INFO - Received 3 Mail ID events
2021-03-04 17:06:13,683 - basicLogger - INFO - Received 152 address events
2021-03-04 17:06:13,685 - basicLogger - INFO - Periodic Processing has ended
2021-03-04 17:06:14,633 - basicLogger - INFO - Periodic processing has started
2021-03-04 17:06:18,683 - basicLogger - INFO - Received 3 Mail ID events
2021-03-04 17:06:18,683 - basicLogger - INFO - Received 152 address events
2021-03-04 17:06:18,685 - basicLogger - INFO - Periodic Processing has ended
2021-03-04 17:06:19,634 - basicLogger - INFO - Periodic processing has started
2021-03-04 17:06:23,688 - basicLogger - INFO - Received 3 Mail ID events
2021-03-04 17:06:23,688 - basicLogger - INFO - Received 152 address events
2021-03-04 17:06:23,690 - basicLogger - INFO - Periodic Processing has ended
2021-03-04 17:06:24,632 - basicLogger - INFO - Periodic processing has started
2021-03-04 17:06:28,740 - basicLogger - INFO - Received 251 Mail ID events
2021-03-04 17:06:28,740 - basicLogger - INFO - Received 152 address events
2021-03-04 17:06:28,742 - basicLogger - INFO - Periodic Processing has ended
2021-03-04 17:06:29,634 - basicLogger - INFO - Periodic processing has started
2021-03-04 17:06:33,818 - basicLogger - INFO - Received 251 Mail ID events
2021-03-04 17:06:33,818 - basicLogger - INFO - Received 152 address events
2021-03-04 17:06:33,820 - basicLogger - INFO - Periodic Processing has ended
2021-03-04 17:06:34,634 - basicLogger - INFO - Periodic processing has started
2021-03-04 17:06:38,694 - basicLogger - INFO - Received 251 Mail ID events
2021-03-04 17:06:38,694 - basicLogger - INFO - Received 152 address events
2021-03-04 17:06:38,696 - basicLogger - INFO - Periodic Processing has ended
2021-03-04 17:06:39,634 - basicLogger - INFO - Periodic processing has started
2021-03-04 17:06:43,683 - basicLogger - INFO - Received 251 Mail ID events
2021-03-04 17:06:43,684 - basicLogger - INFO - Received 152 address events
2021-03-04 17:06:43,685 - basicLogger - INFO - Periodic Processing has ended
2021-03-04 17:06:44,633 - basicLogger - INFO - Periodic processing has started
2021-03-04 17:06:50,738 - basicLogger - INFO - Received 152 Mail ID events
2021-03-04 17:06:50,738 - basicLogger - INFO - Received 152 address events
2021-03-04 17:06:50,740 - basicLogger - INFO - Periodic Processing has ended
2021-03-04 17:06:54,632 - basicLogger - INFO - Periodic processing has started
2021-03-04 17:06:58,690 - basicLogger - INFO - Received 152 Mail ID events
2021-03-04 17:06:58,690 - basicLogger - INFO - Received 152 address events
2021-03-04 17:06:58,692 - basicLogger - INFO - Periodic Processing has ended
2021-03-04 17:06:59,633 - basicLogger - INFO - Periodic processing has started
2021-03-04 17:07:03,692 - basicLogger - INFO - Received 152 Mail ID events
2021-03-04 17:07:03,693 - basicLogger - INFO - Received 152 address events
2021-03-04 17:07:03,695 - basicLogger - INFO - Periodic Processing has ended
2021-03-04 17:07:04,633 - basicLogger - INFO - Periodic processing has started
2021-03-04 17:07:08,716 - basicLogger - INFO - Received 152 Mail ID events
2021-03-04 17:07:08,716 - basicLogger - INFO - Received 152 address events
2021-03-04 17:07:08,718 - basicLogger - INFO - Periodic Processing has ended
2021-03-04 17:07:09,640 - basicLogger - INFO - Periodic processing has started
2021-03-04 17:07:13,687 - basicLogger - INFO - Received 152 Mail ID events
2021-03-04 17:07:13,687 - basicLogger - INFO - Received 152 address events
2021-03-04 17:07:13,689 - basicLogger - INFO - Periodic Processing has ended
2021-03-04 17:07:14,632 - basicLogger - INFO - Periodic processing has started
2021-03-04 17:07:18,719 - basicLogger - INFO - Received 152 Mail ID events
2021-03-04 17:07:18,720 - basicLogger - INFO - Received 152 address events
2021-03-04 17:07:18,722 - basicLogger - INFO - Periodic Processing has ended
2021-03-04 17:07:19,633 - basicLogger - INFO - Periodic processing has started
2021-03-04 17:07:23,729 - basicLogger - INFO - Received 152 Mail ID events
2021-03-04 17:07:23,729 - basicLogger - INFO - Received 152 address events
2021-03-04 17:07:23,731 - basicLogger - INFO - Periodic Processing has ended
2021-03-04 17:07:24,633 - basicLogger - INFO - Periodic processing has started
2021-03-04 17:07:28,677 - basicLogger - INFO - Received 152 Mail ID events
2021-03-04 17:07:28,677 - basicLogger - INFO - Received 152 address events
2021-03-04 17:07:28,678 - basicLogger - INFO - Periodic Processing has ended
2021-03-04 17:07:29,634 - basicLogger - INFO - Periodic processing has started
2021-03-04 17:07:33,706 - basicLogger - INFO - Received 152 Mail ID events
2021-03-04 17:07:33,706 - basicLogger - INFO - Received 152 address events
2021-03-04 17:07:33,708 - basicLogger - INFO - Periodic Processing has ended
2021-03-04 17:07:34,634 - basicLogger - INFO - Periodic processing has started
2021-03-04 17:07:38,685 - basicLogger - INFO - Received 152 Mail ID events
2021-03-04 17:07:38,686 - basicLogger - INFO - Received 152 address events
2021-03-04 17:07:38,688 - basicLogger - INFO - Periodic Processing has ended
2021-03-04 17:07:39,633 - basicLogger - INFO - Periodic processing has started
2021-03-04 17:07:43,832 - basicLogger - INFO - Received 554 Mail ID events
2021-03-04 17:07:43,833 - basicLogger - INFO - Received 1492 address events
2021-03-04 17:07:43,834 - basicLogger - INFO - Periodic Processing has ended
2021-03-04 17:07:44,632 - basicLogger - INFO - Periodic processing has started
2021-03-04 17:07:48,706 - basicLogger - INFO - Received 1492 Mail ID events
2021-03-04 17:07:48,706 - basicLogger - INFO - Received 1492 address events
2021-03-04 17:07:48,716 - basicLogger - INFO - Periodic Processing has ended
2021-03-04 17:07:49,635 - basicLogger - INFO - Periodic processing has started
2021-03-04 17:07:53,723 - basicLogger - INFO - Received 1492 Mail ID events
2021-03-04 17:07:53,724 - basicLogger - INFO - Received 1492 address events
2021-03-04 17:07:53,725 - basicLogger - INFO - Periodic Processing has ended
2021-03-04 17:07:54,635 - basicLogger - INFO - Periodic processing has started
2021-03-04 17:07:58,695 - basicLogger - INFO - Received 1492 Mail ID events
2021-03-04 17:07:58,695 - basicLogger - INFO - Received 1492 address events
2021-03-04 17:07:58,698 - basicLogger - INFO - Periodic Processing has ended
2021-03-04 17:07:59,632 - basicLogger - INFO - Periodic processing has started
2021-03-04 17:08:03,681 - basicLogger - INFO - Received 1492 Mail ID events
2021-03-04 17:08:03,681 - basicLogger - INFO - Received 1492 address events
2021-03-04 17:08:03,683 - basicLogger - INFO - Periodic Processing has ended
2021-03-04 17:08:04,633 - basicLogger - INFO - Periodic processing has started
2021-03-04 17:08:08,690 - basicLogger - INFO - Received 1492 Mail ID events
2021-03-04 17:08:08,690 - basicLogger - INFO - Received 1492 address events
2021-03-04 17:08:08,692 - basicLogger - INFO - Periodic Processing has ended
2021-03-04 17:08:09,632 - basicLogger - INFO - Periodic processing has started
2021-03-04 17:08:13,697 - basicLogger - INFO - Received 1492 Mail ID events
2021-03-04 17:08:13,698 - basicLogger - INFO - Received 1492 address events
2021-03-04 17:08:13,700 - basicLogger - INFO - Periodic Processing has ended
2021-03-04 17:08:14,634 - basicLogger - INFO - Periodic processing has started
2021-03-04 17:08:18,676 - basicLogger - INFO - Received 1492 Mail ID events
2021-03-04 17:08:18,677 - basicLogger - INFO - Received 1492 address events
2021-03-04 17:08:18,678 - basicLogger - INFO - Periodic Processing has ended
2021-03-04 17:08:19,635 - basicLogger - INFO - Periodic processing has started
2021-03-04 17:08:23,705 - basicLogger - INFO - Received 1492 Mail ID events
2021-03-04 17:08:23,706 - basicLogger - INFO - Received 1492 address events
2021-03-04 17:08:23,708 - basicLogger - INFO - Periodic Processing has ended
2021-03-04 17:08:24,634 - basicLogger - INFO - Periodic processing has started
2021-03-04 17:08:28,698 - basicLogger - INFO - Received 1492 Mail ID events
2021-03-04 17:08:28,698 - basicLogger - INFO - Received 1492 address events
2021-03-04 17:08:28,699 - basicLogger - INFO - Periodic Processing has ended
2021-03-04 17:08:29,634 - basicLogger - INFO - Periodic processing has started
2021-03-04 17:08:33,690 - basicLogger - INFO - Received 1492 Mail ID events
2021-03-04 17:08:33,690 - basicLogger - INFO - Received 1492 address events
2021-03-04 17:08:33,692 - basicLogger - INFO - Periodic Processing has ended
2021-03-04 17:08:34,633 - basicLogger - INFO - Periodic processing has started
2021-03-04 17:08:38,676 - basicLogger - INFO - Received 1492 Mail ID events
2021-03-04 17:08:38,676 - basicLogger - INFO - Received 1492 address events
2021-03-04 17:08:38,677 - basicLogger - INFO - Periodic Processing has ended
2021-03-04 17:08:39,633 - basicLogger - INFO - Periodic processing has started
2021-03-04 17:08:43,693 - basicLogger - INFO - Received 1492 Mail ID events
2021-03-04 17:08:43,694 - basicLogger - INFO - Received 1492 address events
2021-03-04 17:08:43,696 - basicLogger - INFO - Periodic Processing has ended
2021-03-04 17:08:44,634 - basicLogger - INFO - Periodic processing has started
2021-03-04 17:08:48,691 - basicLogger - INFO - Received 1492 Mail ID events
2021-03-04 17:08:48,692 - basicLogger - INFO - Received 1492 address events
2021-03-04 17:08:48,693 - basicLogger - INFO - Periodic Processing has ended
2021-03-04 17:08:49,633 - basicLogger - INFO - Periodic processing has started
2021-03-04 17:08:53,677 - basicLogger - INFO - Received 1492 Mail ID events
2021-03-04 17:08:53,677 - basicLogger - INFO - Received 1492 address events
2021-03-04 17:08:53,679 - basicLogger - INFO - Periodic Processing has ended
2021-03-04 17:08:54,632 - basicLogger - INFO - Periodic processing has started
2021-03-04 17:08:58,675 - basicLogger - INFO - Received 1492 Mail ID events
2021-03-04 17:08:58,675 - basicLogger - INFO - Received 1492 address events
2021-03-04 17:08:58,677 - basicLogger - INFO - Periodic Processing has ended
2021-03-04 17:08:59,633 - basicLogger - INFO - Periodic processing has started
2021-03-04 17:09:03,681 - basicLogger - INFO - Received 1492 Mail ID events
2021-03-04 17:09:03,681 - basicLogger - INFO - Received 1492 address events
2021-03-04 17:09:03,683 - basicLogger - INFO - Periodic Processing has ended
2021-03-04 17:09:04,633 - basicLogger - INFO - Periodic processing has started
2021-03-04 17:09:08,713 - basicLogger - INFO - Received 1492 Mail ID events
2021-03-04 17:09:08,713 - basicLogger - INFO - Received 1492 address events
2021-03-04 17:09:08,716 - basicLogger - INFO - Periodic Processing has ended
2021-03-04 17:09:09,634 - basicLogger - INFO - Periodic processing has started
2021-03-04 17:09:13,696 - basicLogger - INFO - Received 1492 Mail ID events
2021-03-04 17:09:13,697 - basicLogger - INFO - Received 1492 address events
2021-03-04 17:09:13,698 - basicLogger - INFO - Periodic Processing has ended
2021-03-04 17:09:14,633 - basicLogger - INFO - Periodic processing has started
2021-03-04 17:09:18,683 - basicLogger - INFO - Received 1492 Mail ID events
2021-03-04 17:09:18,683 - basicLogger - INFO - Received 1492 address events
2021-03-04 17:09:18,684 - basicLogger - INFO - Periodic Processing has ended
2021-03-04 17:09:19,635 - basicLogger - INFO - Periodic processing has started
2021-03-04 17:09:23,690 - basicLogger - INFO - Received 1492 Mail ID events
2021-03-04 17:09:23,690 - basicLogger - INFO - Received 1492 address events
2021-03-04 17:09:23,692 - basicLogger - INFO - Periodic Processing has ended
2021-03-04 17:09:24,734 - basicLogger - INFO - Periodic processing has started
2021-03-04 17:09:28,811 - basicLogger - INFO - Received 3 Mail ID events
2021-03-04 17:09:28,811 - basicLogger - INFO - Received 3 address events
2021-03-04 17:09:28,812 - basicLogger - INFO - Periodic Processing has ended
2021-03-04 17:09:29,634 - basicLogger - INFO - Periodic processing has started
2021-03-04 17:09:33,681 - basicLogger - INFO - Received 3 Mail ID events
2021-03-04 17:09:33,681 - basicLogger - INFO - Received 3 address events
2021-03-04 17:09:33,682 - basicLogger - INFO - Periodic Processing has ended
2021-03-04 17:09:34,633 - basicLogger - INFO - Periodic processing has started
2021-03-04 17:09:38,685 - basicLogger - INFO - Received 3 Mail ID events
2021-03-04 17:09:38,687 - basicLogger - INFO - Received 3 address events
2021-03-04 17:09:38,690 - basicLogger - INFO - Periodic Processing has ended
2021-03-04 17:09:39,632 - basicLogger - INFO - Periodic processing has started
2021-03-04 17:09:43,677 - basicLogger - INFO - Received 3 Mail ID events
2021-03-04 17:09:43,677 - basicLogger - INFO - Received 3 address events
2021-03-04 17:09:43,678 - basicLogger - INFO - Periodic Processing has ended
2021-03-04 17:09:44,635 - basicLogger - INFO - Periodic processing has started
2021-03-04 17:09:48,682 - basicLogger - INFO - Received 3 Mail ID events
2021-03-04 17:09:48,683 - basicLogger - INFO - Received 1341 address events
2021-03-04 17:09:48,684 - basicLogger - INFO - Periodic Processing has ended
2021-03-04 17:09:49,636 - basicLogger - INFO - Periodic processing has started
2021-03-04 17:09:53,699 - basicLogger - INFO - Received 1342 Mail ID events
2021-03-04 17:09:53,699 - basicLogger - INFO - Received 1341 address events
2021-03-04 17:09:53,700 - basicLogger - INFO - Periodic Processing has ended
2021-03-04 17:09:54,634 - basicLogger - INFO - Periodic processing has started
2021-03-04 17:09:58,698 - basicLogger - INFO - Received 1342 Mail ID events
2021-03-04 17:09:58,698 - basicLogger - INFO - Received 1341 address events
2021-03-04 17:09:58,700 - basicLogger - INFO - Periodic Processing has ended
2021-03-04 17:09:59,634 - basicLogger - INFO - Periodic processing has started
2021-03-04 17:10:03,700 - basicLogger - INFO - Received 1342 Mail ID events
2021-03-04 17:10:03,700 - basicLogger - INFO - Received 1341 address events
2021-03-04 17:10:03,702 - basicLogger - INFO - Periodic Processing has ended
2021-03-04 17:10:04,634 - basicLogger - INFO - Periodic processing has started
2021-03-04 17:10:08,674 - basicLogger - INFO - Received 1342 Mail ID events
2021-03-04 17:10:08,675 - basicLogger - INFO - Received 1341 address events
2021-03-04 17:10:08,676 - basicLogger - INFO - Periodic Processing has ended
2021-03-04 17:10:09,633 - basicLogger - INFO - Periodic processing has started
2021-03-04 17:10:13,676 - basicLogger - INFO - Received 1342 Mail ID events
2021-03-04 17:10:13,676 - basicLogger - INFO - Received 1341 address events
2021-03-04 17:10:13,677 - basicLogger - INFO - Periodic Processing has ended
2021-03-04 17:10:14,634 - basicLogger - INFO - Periodic processing has started
2021-03-04 17:10:18,689 - basicLogger - INFO - Received 1342 Mail ID events
2021-03-04 17:10:18,689 - basicLogger - INFO - Received 1341 address events
2021-03-04 17:10:18,691 - basicLogger - INFO - Periodic Processing has ended
2021-03-04 17:10:19,632 - basicLogger - INFO - Periodic processing has started
2021-03-04 17:10:23,676 - basicLogger - INFO - Received 1342 Mail ID events
2021-03-04 17:10:23,676 - basicLogger - INFO - Received 1341 address events
2021-03-04 17:10:23,678 - basicLogger - INFO - Periodic Processing has ended
2021-03-04 17:10:24,634 - basicLogger - INFO - Periodic processing has started
2021-03-04 17:10:28,683 - basicLogger - INFO - Received 1342 Mail ID events
2021-03-04 17:10:28,683 - basicLogger - INFO - Received 1341 address events
2021-03-04 17:10:28,687 - basicLogger - INFO - Periodic Processing has ended
2021-03-04 17:10:29,633 - basicLogger - INFO - Periodic processing has started
2021-03-04 17:10:33,672 - basicLogger - INFO - Received 1342 Mail ID events
2021-03-04 17:10:33,672 - basicLogger - INFO - Received 1341 address events
2021-03-04 17:10:33,673 - basicLogger - INFO - Periodic Processing has ended
2021-03-04 17:10:34,632 - basicLogger - INFO - Periodic processing has started
2021-03-04 17:10:38,681 - basicLogger - INFO - Received 1342 Mail ID events
2021-03-04 17:10:38,682 - basicLogger - INFO - Received 1341 address events
2021-03-04 17:10:38,683 - basicLogger - INFO - Periodic Processing has ended
2021-03-04 17:10:39,632 - basicLogger - INFO - Periodic processing has started
2021-03-04 17:10:43,674 - basicLogger - INFO - Received 1342 Mail ID events
2021-03-04 17:10:43,674 - basicLogger - INFO - Received 1341 address events
2021-03-04 17:10:43,675 - basicLogger - INFO - Periodic Processing has ended
2021-03-04 17:10:44,633 - basicLogger - INFO - Periodic processing has started
2021-03-04 17:10:48,680 - basicLogger - INFO - Received 1342 Mail ID events
2021-03-04 17:10:48,680 - basicLogger - INFO - Received 1341 address events
2021-03-04 17:10:48,681 - basicLogger - INFO - Periodic Processing has ended
2021-03-04 17:10:49,632 - basicLogger - INFO - Periodic processing has started
2021-03-04 17:10:53,681 - basicLogger - INFO - Received 1342 Mail ID events
2021-03-04 17:10:53,681 - basicLogger - INFO - Received 1341 address events
2021-03-04 17:10:53,683 - basicLogger - INFO - Periodic Processing has ended
2021-03-04 17:10:54,633 - basicLogger - INFO - Periodic processing has started
2021-03-04 17:10:58,684 - basicLogger - INFO - Received 1342 Mail ID events
2021-03-04 17:10:58,684 - basicLogger - INFO - Received 1341 address events
2021-03-04 17:10:58,686 - basicLogger - INFO - Periodic Processing has ended
2021-03-04 17:10:59,632 - basicLogger - INFO - Periodic processing has started
2021-03-04 17:11:03,678 - basicLogger - INFO - Received 1342 Mail ID events
2021-03-04 17:11:03,679 - basicLogger - INFO - Received 1341 address events
2021-03-04 17:11:03,680 - basicLogger - INFO - Periodic Processing has ended
2021-03-04 17:11:04,632 - basicLogger - INFO - Periodic processing has started
2021-03-04 17:11:08,688 - basicLogger - INFO - Received 1342 Mail ID events
2021-03-04 17:11:08,688 - basicLogger - INFO - Received 1341 address events
2021-03-04 17:11:08,690 - basicLogger - INFO - Periodic Processing has ended
2021-03-04 17:11:09,633 - basicLogger - INFO - Periodic processing has started
2021-03-04 17:11:13,683 - basicLogger - INFO - Received 1342 Mail ID events
2021-03-04 17:11:13,684 - basicLogger - INFO - Received 1341 address events
2021-03-04 17:11:13,686 - basicLogger - INFO - Periodic Processing has ended
2021-03-04 17:11:14,634 - basicLogger - INFO - Periodic processing has started
2021-03-04 17:11:18,678 - basicLogger - INFO - Received 1342 Mail ID events
2021-03-04 17:11:18,678 - basicLogger - INFO - Received 1341 address events
2021-03-04 17:11:18,680 - basicLogger - INFO - Periodic Processing has ended
2021-03-04 17:11:19,632 - basicLogger - INFO - Periodic processing has started
2021-03-04 17:11:23,677 - basicLogger - INFO - Received 1342 Mail ID events
2021-03-04 17:11:23,677 - basicLogger - INFO - Received 1341 address events
2021-03-04 17:11:23,679 - basicLogger - INFO - Periodic Processing has ended
2021-03-04 17:11:24,051 - basicLogger - INFO - Your request and my command has started
2021-03-04 17:11:24,068 - basicLogger - DEBUG - {'mail_ID': 0, 'address': '123 Seaseme Street', 'last_updated': '2021-03-04T17:09:24Z', 'incoming': 10, 'sending': 10, 'last_send': '2021-03-04T17:11:23Z'}
2021-03-04 17:11:24,069 - basicLogger - INFO - Your request and my command has ended
2021-03-04 17:11:24,633 - basicLogger - INFO - Periodic processing has started
2021-03-04 17:11:29,249 - basicLogger - INFO - Received 1342 Mail ID events
2021-03-04 17:11:29,249 - basicLogger - INFO - Received 1341 address events
2021-03-04 17:11:29,252 - basicLogger - INFO - Periodic Processing has ended
2021-03-04 17:11:29,636 - basicLogger - INFO - Periodic processing has started
2021-03-04 17:11:33,693 - basicLogger - INFO - Received 1342 Mail ID events
2021-03-04 17:11:33,694 - basicLogger - INFO - Received 1341 address events
2021-03-04 17:11:33,695 - basicLogger - INFO - Periodic Processing has ended
2021-03-04 17:11:34,636 - basicLogger - INFO - Periodic processing has started
2021-03-04 17:11:38,678 - basicLogger - INFO - Received 1342 Mail ID events
2021-03-04 17:11:38,678 - basicLogger - INFO - Received 1341 address events
2021-03-04 17:11:38,680 - basicLogger - INFO - Periodic Processing has ended
2021-03-04 17:11:39,633 - basicLogger - INFO - Periodic processing has started
2021-03-04 17:11:43,673 - basicLogger - INFO - Received 1342 Mail ID events
2021-03-04 17:11:43,673 - basicLogger - INFO - Received 1341 address events
2021-03-04 17:11:43,674 - basicLogger - INFO - Periodic Processing has ended
2021-03-04 17:11:44,632 - basicLogger - INFO - Periodic processing has started
2021-03-04 17:11:48,673 - basicLogger - INFO - Received 1342 Mail ID events
2021-03-04 17:11:48,673 - basicLogger - INFO - Received 1341 address events
2021-03-04 17:11:48,675 - basicLogger - INFO - Periodic Processing has ended
2021-03-04 17:11:49,634 - basicLogger - INFO - Periodic processing has started
2021-03-04 17:11:53,696 - basicLogger - INFO - Received 1342 Mail ID events
2021-03-04 17:11:53,696 - basicLogger - INFO - Received 1341 address events
2021-03-04 17:11:53,698 - basicLogger - INFO - Periodic Processing has ended
2021-03-04 17:11:54,635 - basicLogger - INFO - Periodic processing has started
2021-03-04 17:11:58,677 - basicLogger - INFO - Received 1342 Mail ID events
2021-03-04 17:11:58,678 - basicLogger - INFO - Received 1341 address events
2021-03-04 17:11:58,679 - basicLogger - INFO - Periodic Processing has ended
2021-03-04 17:11:59,634 - basicLogger - INFO - Periodic processing has started
2021-03-04 17:12:03,690 - basicLogger - INFO - Received 1342 Mail ID events
2021-03-04 17:12:03,690 - basicLogger - INFO - Received 1341 address events
2021-03-04 17:12:03,692 - basicLogger - INFO - Periodic Processing has ended
2021-03-04 17:12:04,635 - basicLogger - INFO - Periodic processing has started
2021-03-04 17:12:08,718 - basicLogger - INFO - Received 1342 Mail ID events
2021-03-04 17:12:08,719 - basicLogger - INFO - Received 1341 address events
2021-03-04 17:12:08,721 - basicLogger - INFO - Periodic Processing has ended
2021-03-04 17:12:09,634 - basicLogger - INFO - Periodic processing has started
2021-03-04 17:12:13,675 - basicLogger - INFO - Received 1342 Mail ID events
2021-03-04 17:12:13,675 - basicLogger - INFO - Received 1341 address events
2021-03-04 17:12:13,676 - basicLogger - INFO - Periodic Processing has ended
2021-03-04 17:12:14,632 - basicLogger - INFO - Periodic processing has started
2021-03-04 17:12:18,674 - basicLogger - INFO - Received 1342 Mail ID events
2021-03-04 17:12:18,675 - basicLogger - INFO - Received 1341 address events
2021-03-04 17:12:18,676 - basicLogger - INFO - Periodic Processing has ended
2021-03-04 17:12:19,632 - basicLogger - INFO - Periodic processing has started
2021-03-04 17:12:23,675 - basicLogger - INFO - Received 1342 Mail ID events
2021-03-04 17:12:23,675 - basicLogger - INFO - Received 1341 address events
2021-03-04 17:12:23,676 - basicLogger - INFO - Periodic Processing has ended
2021-03-04 17:12:24,633 - basicLogger - INFO - Periodic processing has started
2021-03-04 17:12:28,683 - basicLogger - INFO - Received 1342 Mail ID events
2021-03-04 17:12:28,684 - basicLogger - INFO - Received 1341 address events
2021-03-04 17:12:28,687 - basicLogger - INFO - Periodic Processing has ended
2021-03-04 17:12:29,632 - basicLogger - INFO - Periodic processing has started
2021-03-04 17:12:33,674 - basicLogger - INFO - Received 1342 Mail ID events
2021-03-04 17:12:33,674 - basicLogger - INFO - Received 1341 address events
2021-03-04 17:12:33,676 - basicLogger - INFO - Periodic Processing has ended
2021-03-04 17:12:34,634 - basicLogger - INFO - Periodic processing has started
2021-03-04 17:12:38,674 - basicLogger - INFO - Received 1342 Mail ID events
2021-03-04 17:12:38,674 - basicLogger - INFO - Received 1341 address events
2021-03-04 17:12:38,675 - basicLogger - INFO - Periodic Processing has ended
2021-03-04 17:12:39,642 - basicLogger - INFO - Periodic processing has started
2021-03-04 17:12:44,676 - basicLogger - INFO - Received 1342 Mail ID events
2021-03-04 17:12:44,677 - basicLogger - INFO - Received 13394 address events
2021-03-04 17:12:44,679 - basicLogger - INFO - Periodic Processing has ended
2021-03-04 17:12:49,654 - basicLogger - INFO - Periodic processing has started
2021-03-04 17:12:53,836 - basicLogger - INFO - Received 23433 Mail ID events
2021-03-04 17:12:53,837 - basicLogger - INFO - Received 32138 address events
2021-03-04 17:12:53,840 - basicLogger - INFO - Periodic Processing has ended
2021-03-04 17:12:54,636 - basicLogger - INFO - Periodic processing has started
2021-03-04 17:13:10,591 - basicLogger - INFO - Received 32538 Mail ID events
2021-03-04 17:13:10,592 - basicLogger - INFO - Received 48079 address events
2021-03-04 17:13:10,595 - basicLogger - INFO - Periodic Processing has ended
2021-03-04 17:13:14,644 - basicLogger - INFO - Periodic processing has started
2021-03-04 17:13:21,792 - basicLogger - INFO - Received 57316 Mail ID events
2021-03-04 17:13:21,792 - basicLogger - INFO - Received 68299 address events
2021-03-04 17:13:21,795 - basicLogger - INFO - Periodic Processing has ended
2021-03-04 17:13:24,243 - basicLogger - INFO - Your request and my command has started
2021-03-04 17:13:24,273 - basicLogger - DEBUG - {'mail_ID': 0, 'address': '123 Seaseme Street', 'last_updated': '2021-03-04T17:09:24Z', 'incoming': 428, 'sending': 510, 'last_send': '2021-03-04T17:13:21Z'}
2021-03-04 17:13:24,273 - basicLogger - INFO - Your request and my command has ended
2021-03-04 17:13:24,643 - basicLogger - INFO - Periodic processing has started
2021-03-04 17:13:28,854 - basicLogger - INFO - Received 68299 Mail ID events
2021-03-04 17:13:28,854 - basicLogger - INFO - Received 68299 address events
2021-03-04 17:13:28,857 - basicLogger - INFO - Periodic Processing has ended
2021-03-04 17:13:29,641 - basicLogger - INFO - Periodic processing has started
2021-03-04 17:13:33,854 - basicLogger - INFO - Received 68299 Mail ID events
2021-03-04 17:13:33,854 - basicLogger - INFO - Received 68299 address events
2021-03-04 17:13:33,857 - basicLogger - INFO - Periodic Processing has ended
2021-03-04 17:13:34,633 - basicLogger - INFO - Periodic processing has started
2021-03-04 17:13:38,835 - basicLogger - INFO - Received 68299 Mail ID events
2021-03-04 17:13:38,836 - basicLogger - INFO - Received 68299 address events
2021-03-04 17:13:38,839 - basicLogger - INFO - Periodic Processing has ended
2021-03-04 17:13:39,632 - basicLogger - INFO - Periodic processing has started
2021-03-04 17:13:43,822 - basicLogger - INFO - Received 68299 Mail ID events
2021-03-04 17:13:43,823 - basicLogger - INFO - Received 68299 address events
2021-03-04 17:13:43,840 - basicLogger - INFO - Periodic Processing has ended
2021-03-04 17:13:44,633 - basicLogger - INFO - Periodic processing has started
2021-03-04 17:13:48,848 - basicLogger - INFO - Received 68299 Mail ID events
2021-03-04 17:13:48,849 - basicLogger - INFO - Received 68299 address events
2021-03-04 17:13:48,852 - basicLogger - INFO - Periodic Processing has ended
2021-03-04 17:13:49,633 - basicLogger - INFO - Periodic processing has started
2021-03-04 17:13:53,825 - basicLogger - INFO - Received 68299 Mail ID events
2021-03-04 17:13:53,825 - basicLogger - INFO - Received 68299 address events
2021-03-04 17:13:53,829 - basicLogger - INFO - Periodic Processing has ended
2021-03-04 17:13:54,632 - basicLogger - INFO - Periodic processing has started
2021-03-04 17:13:58,813 - basicLogger - INFO - Received 68299 Mail ID events
2021-03-04 17:13:58,813 - basicLogger - INFO - Received 68299 address events
2021-03-04 17:13:58,816 - basicLogger - INFO - Periodic Processing has ended
2021-03-04 17:13:59,633 - basicLogger - INFO - Periodic processing has started
2021-03-04 17:14:03,829 - basicLogger - INFO - Received 68299 Mail ID events
2021-03-04 17:14:03,829 - basicLogger - INFO - Received 68299 address events
2021-03-04 17:14:03,833 - basicLogger - INFO - Periodic Processing has ended
2021-03-04 17:14:04,632 - basicLogger - INFO - Periodic processing has started
2021-03-04 17:14:08,977 - basicLogger - INFO - Received 68299 Mail ID events
2021-03-04 17:14:08,978 - basicLogger - INFO - Received 68299 address events
2021-03-04 17:14:08,983 - basicLogger - INFO - Periodic Processing has ended
2021-03-04 17:14:09,634 - basicLogger - INFO - Periodic processing has started
2021-03-04 17:14:13,881 - basicLogger - INFO - Received 68299 Mail ID events
2021-03-04 17:14:13,882 - basicLogger - INFO - Received 68299 address events
2021-03-04 17:14:13,888 - basicLogger - INFO - Periodic Processing has ended
2021-03-04 17:14:14,632 - basicLogger - INFO - Periodic processing has started
2021-03-04 17:14:18,897 - basicLogger - INFO - Received 68299 Mail ID events
2021-03-04 17:14:18,897 - basicLogger - INFO - Received 68299 address events
2021-03-04 17:14:18,903 - basicLogger - INFO - Periodic Processing has ended
2021-03-04 17:14:19,637 - basicLogger - INFO - Periodic processing has started
2021-03-04 17:14:23,884 - basicLogger - INFO - Received 68299 Mail ID events
2021-03-04 17:14:23,884 - basicLogger - INFO - Received 68299 address events
2021-03-04 17:14:23,890 - basicLogger - INFO - Periodic Processing has ended
2021-03-04 17:14:24,634 - basicLogger - INFO - Periodic processing has started
2021-03-04 17:14:28,875 - basicLogger - INFO - Received 68299 Mail ID events
2021-03-04 17:14:28,876 - basicLogger - INFO - Received 68299 address events
2021-03-04 17:14:28,880 - basicLogger - INFO - Periodic Processing has ended
2021-03-04 17:14:29,632 - basicLogger - INFO - Periodic processing has started
2021-03-04 17:14:33,914 - basicLogger - INFO - Received 68299 Mail ID events
2021-03-04 17:14:33,914 - basicLogger - INFO - Received 68299 address events
2021-03-04 17:14:33,918 - basicLogger - INFO - Periodic Processing has ended
2021-03-04 17:14:34,632 - basicLogger - INFO - Periodic processing has started
2021-03-04 17:14:38,878 - basicLogger - INFO - Received 68299 Mail ID events
2021-03-04 17:14:38,879 - basicLogger - INFO - Received 68299 address events
2021-03-04 17:14:38,881 - basicLogger - INFO - Periodic Processing has ended
2021-03-04 17:14:39,633 - basicLogger - INFO - Periodic processing has started
2021-03-04 17:14:43,857 - basicLogger - INFO - Received 68299 Mail ID events
2021-03-04 17:14:43,857 - basicLogger - INFO - Received 68299 address events
2021-03-04 17:14:43,861 - basicLogger - INFO - Periodic Processing has ended
2021-03-04 17:14:44,632 - basicLogger - INFO - Periodic processing has started
2021-03-04 17:14:48,852 - basicLogger - INFO - Received 68299 Mail ID events
2021-03-04 17:14:48,853 - basicLogger - INFO - Received 68299 address events
2021-03-04 17:14:48,857 - basicLogger - INFO - Periodic Processing has ended
2021-03-04 17:14:49,633 - basicLogger - INFO - Periodic processing has started
2021-03-04 17:14:53,842 - basicLogger - INFO - Received 68299 Mail ID events
2021-03-04 17:14:53,842 - basicLogger - INFO - Received 68299 address events
2021-03-04 17:14:53,845 - basicLogger - INFO - Periodic Processing has ended
2021-03-04 17:14:54,632 - basicLogger - INFO - Periodic processing has started
2021-03-04 17:14:58,905 - basicLogger - INFO - Received 68299 Mail ID events
2021-03-04 17:14:58,905 - basicLogger - INFO - Received 68299 address events
2021-03-04 17:14:58,910 - basicLogger - INFO - Periodic Processing has ended
2021-03-04 17:14:59,633 - basicLogger - INFO - Periodic processing has started
2021-03-04 17:15:03,854 - basicLogger - INFO - Received 68299 Mail ID events
2021-03-04 17:15:03,854 - basicLogger - INFO - Received 68299 address events
2021-03-04 17:15:03,859 - basicLogger - INFO - Periodic Processing has ended
2021-03-04 17:15:04,633 - basicLogger - INFO - Periodic processing has started
2021-03-04 17:15:08,882 - basicLogger - INFO - Received 68299 Mail ID events
2021-03-04 17:15:08,882 - basicLogger - INFO - Received 68299 address events
2021-03-04 17:15:08,888 - basicLogger - INFO - Periodic Processing has ended
2021-03-04 17:15:09,633 - basicLogger - INFO - Periodic processing has started
2021-03-04 17:15:13,848 - basicLogger - INFO - Received 68299 Mail ID events
2021-03-04 17:15:13,848 - basicLogger - INFO - Received 68299 address events
2021-03-04 17:15:13,855 - basicLogger - INFO - Periodic Processing has ended
2021-03-04 17:15:14,635 - basicLogger - INFO - Periodic processing has started
